Arguments: 
  C:\Program Files\nodejs\node.exe C:\Users\teguhdarma\AppData\Roaming\npm\node_modules\@sanity\cli\vendor\yarn install --json --non-interactive --ignore-engines --network-timeout 60000 --registry https://registry.npmjs.org

PATH: 
  C:\Users\teguhdarma\AppData\Roaming\npm\node_modules\vendor;C:\Program Files (x86)\Common Files\Oracle\Java\javapath;C:\Program Files\Eclipse Adoptium\jdk-17.0.2.8-hotspot\bin;C:\Windows\system32;C:\Windows;C:\Windows\System32\Wbem;C:\Windows\System32\WindowsPowerShell\v1.0\;C:\Windows\System32\OpenSSH\;C:\Program Files (x86)\NVIDIA Corporation\PhysX\Common;C:\Program Files\NVIDIA Corporation\NVIDIA NvDLISR;C:\WINDOWS\system32;C:\WINDOWS;C:\WINDOWS\System32\Wbem;C:\WINDOWS\System32\WindowsPowerShell\v1.0\;C:\WINDOWS\System32\OpenSSH\;C:\Program Files (x86)\mingw-w64\i686-8.1.0-posix-dwarf-rt_v6-rev0\mingw32\bin;C:\Program Files\nodejs\;C:\Program Files\Git\cmd;C:\Program Files\Inkscape\bin;C:\Users\teguhdarma\AppData\Local\Microsoft\WindowsApps;C:\Users\teguhdarma\AppData\Local\Programs\Microsoft VS Code\bin;C:\Users\teguhdarma\AppData\Roaming\npm;C:\Program Files\nodejs;

Yarn version: 
  1.22.17

Node version: 
  16.13.0

Platform: 
  win32 x64

Trace: 
  Error: EPERM: operation not permitted, unlink 'C:\Users\teguhdarma\my-airbnc\node_modules\@next\.swc-win32-x64-msvc-BHxr1esY\next-swc.win32-x64-msvc.node'

npm manifest: 
  {
    "name": "my-airbnc",
    "private": true,
    "scripts": {
      "dev": "next dev",
      "build": "next build",
      "start": "next start",
      "lint": "next lint"
    },
    "dependencies": {
      "@badrap/bar-of-progress": "^0.1.2",
      "@firebase/auth": "^0.19.8",
      "@headlessui/react": "^1.4.3",
      "@heroicons/react": "^1.0.5",
      "@react-three/drei": "^8.19.5",
      "@react-three/fiber": "^7.0.26",
      "@sanity/image-url": "^1.0.1",
      "@tailwindcss/aspect-ratio": "^0.4.0",
      "date-fns": "^2.28.0",
      "firebase": "^9.6.6",
      "geolib": "^3.3.3",
      "gltf-pipeline": "^3.0.4",
      "heroicons": "^1.0.5",
      "mapbox-gl": "^2.7.1",
      "next": "^12.1.0",
      "next-sanity": "^0.5.1",
      "ngx-typed-js": "^2.1.1",
      "react": "^17.0.2",
      "react-date-range": "^1.4.0",
      "react-dom": "17.0.2",
      "react-easy-swipe": "^0.0.22",
      "react-error-boundary": "^3.1.4",
      "react-hook-form": "^7.27.1",
      "react-icons": "^4.3.1",
      "react-map-gl": "^7.0.10",
      "react-map-gl-geocoder": "^1.8.1",
      "react-mapbox-gl": "^5.1.1",
      "react-placeholder": "^4.1.0",
      "react-portable-text": "^0.4.3",
      "react-preloaders": "^3.0.3",
      "react-preloaders2": "^3.0.5",
      "react-typed": "^1.2.0",
      "styled-components": "^5.3.5",
      "sweetalert2": "^11.4.4",
      "sweetalert2-react-content": "^4.2.0",
      "tailwind-scrollbar-hide": "^1.1.7",
      "three": "^0.139.0"
    },
    "devDependencies": {
      "autoprefixer": "^10.4.2",
      "eslint": "8.7.0",
      "eslint-config-next": "12.0.9",
      "postcss": "^8.4.5",
      "tailwindcss": "^3.0.17"
    }
  }

yarn manifest: 
  No manifest

Lockfile: 
  No lockfile
